Using pre-set license
Built from '2022.3/release' branch; Version is '2022.3.5f1 (9674261d40ee) revision 9860134'; Using compiler version '192829333'; Build Type 'Release'
OS: 'Windows 11  (10.0.22621) 64bit Professional' Language: 'en' Physical Memory: 16185 MB
BatchMode: 1, IsHumanControllingUs: 0, StartBugReporterOnCrash: 0, Is64bit: 1, IsPro: 1

COMMAND LINE ARGUMENTS:
C:\Program Files\Unity\Hub\Editor\2022.3.5f1\Editor\Unity.exe
-adb2
-batchMode
-noUpm
-name
AssetImportWorker4
-projectPath
C:/Users/G00294719/Disk Debugging attempt
-logFile
Logs/AssetImportWorker4.log
-srvPort
49376
Successfully changed project path to: C:/Users/G00294719/Disk Debugging attempt
C:/Users/G00294719/Disk Debugging attempt
[UnityMemory] Configuration Parameters - Can be set up in boot.config
    "memorysetup-bucket-allocator-granularity=16"
    "memorysetup-bucket-allocator-bucket-count=8"
    "memorysetup-bucket-allocator-block-size=33554432"
    "memorysetup-bucket-allocator-block-count=8"
    "memorysetup-main-allocator-block-size=16777216"
    "memorysetup-thread-allocator-block-size=16777216"
    "memorysetup-gfx-main-allocator-block-size=16777216"
    "memorysetup-gfx-thread-allocator-block-size=16777216"
    "memorysetup-cache-allocator-block-size=4194304"
    "memorysetup-typetree-allocator-block-size=2097152"
    "memorysetup-profiler-bucket-allocator-granularity=16"
    "memorysetup-profiler-bucket-allocator-bucket-count=8"
    "memorysetup-profiler-bucket-allocator-block-size=33554432"
    "memorysetup-profiler-bucket-allocator-block-count=8"
    "memorysetup-profiler-allocator-block-size=16777216"
    "memorysetup-profiler-editor-allocator-block-size=1048576"
    "memorysetup-temp-allocator-size-main=16777216"
    "memorysetup-job-temp-allocator-block-size=2097152"
    "memorysetup-job-temp-allocator-block-size-background=1048576"
    "memorysetup-job-temp-allocator-reduction-small-platforms=262144"
    "memorysetup-allocator-temp-initial-block-size-main=262144"
    "memorysetup-allocator-temp-initial-block-size-worker=262144"
    "memorysetup-temp-allocator-size-background-worker=32768"
    "memorysetup-temp-allocator-size-job-worker=262144"
    "memorysetup-temp-allocator-size-preload-manager=33554432"
    "memorysetup-temp-allocator-size-nav-mesh-worker=65536"
    "memorysetup-temp-allocator-size-audio-worker=65536"
    "memorysetup-temp-allocator-size-cloud-worker=32768"
    "memorysetup-temp-allocator-size-gi-baking-worker=262144"
    "memorysetup-temp-allocator-size-gfx=262144"
Player connection [24344] Host "[IP] 172.25.68.151 [Port] 0 [Flags] 2 [Guid] 3036880350 [EditorId] 3036880350 [Version] 1048832 [Id] WindowsEditor(7,W213-15) [Debug] 1 [PackageName] WindowsEditor [ProjectName] Editor" joined multi-casting on [225.0.0.222:54997]...

Player connection [24344] Host "[IP] 172.25.68.151 [Port] 0 [Flags] 2 [Guid] 3036880350 [EditorId] 3036880350 [Version] 1048832 [Id] WindowsEditor(7,W213-15) [Debug] 1 [PackageName] WindowsEditor [ProjectName] Editor" joined alternative multi-casting on [225.0.0.222:34997]...

Refreshing native plugins compatible for Editor in 7.08 ms, found 3 plugins.
Preloading 0 native plugins for Editor in 0.00 ms.
Initialize engine version: 2022.3.5f1 (9674261d40ee)
[Subsystems] Discovering subsystems at path C:/Program Files/Unity/Hub/Editor/2022.3.5f1/Editor/Data/Resources/UnitySubsystems
[Subsystems] Discovering subsystems at path C:/Users/G00294719/Disk Debugging attempt/Assets
GfxDevice: creating device client; threaded=0; jobified=0
Direct3D:
    Version:  Direct3D 11.0 [level 11.1]
    Renderer: NVIDIA GeForce RTX 3080 (ID=0x2206)
    Vendor:   NVIDIA
    VRAM:     10067 MB
    Driver:   31.0.15.2824
Initialize mono
Mono path[0] = 'C:/Program Files/Unity/Hub/Editor/2022.3.5f1/Editor/Data/Managed'
Mono path[1] = 'C:/Program Files/Unity/Hub/Editor/2022.3.5f1/Editor/Data/MonoBleedingEdge/lib/mono/unityjit-win32'
Mono config path = 'C:/Program Files/Unity/Hub/Editor/2022.3.5f1/Editor/Data/MonoBleedingEdge/etc'
Using monoOptions --debugger-agent=transport=dt_socket,embedding=1,server=y,suspend=n,address=127.0.0.1:56192
Begin MonoManager ReloadAssembly
Registering precompiled unity dll's ...
Register platform support module: C:/Program Files/Unity/Hub/Editor/2022.3.5f1/Editor/Data/PlaybackEngines/WebGLSupport/UnityEditor.WebGL.Extensions.dll
Register platform support module: C:/Program Files/Unity/Hub/Editor/2022.3.5f1/Editor/Data/PlaybackEngines/iOSSupport/UnityEditor.iOS.Extensions.dll
Register platform support module: C:/Program Files/Unity/Hub/Editor/2022.3.5f1/Editor/Data/PlaybackEngines/WindowsStandaloneSupport/UnityEditor.WindowsStandalone.Extensions.dll
Register platform support module: C:/Program Files/Unity/Hub/Editor/2022.3.5f1/Editor/Data/PlaybackEngines/MetroSupport/UnityEditor.UWP.Extensions.dll
Registered in 0.009659 seconds.
- Loaded All Assemblies, in  0.310 seconds
Native extension for UWP target not found
Native extension for WindowsStandalone target not found
[usbmuxd] Start listen thread
[usbmuxd] Listen thread started
Native extension for iOS target not found
Native extension for WebGL target not found
Mono: successfully reloaded assembly
- Finished resetting the current domain, in  0.256 seconds
Domain Reload Profiling: 565ms
	BeginReloadAssembly (85ms)
		ExecutionOrderSort (0ms)
		DisableScriptedObjects (0ms)
		BackupInstance (0ms)
		ReleaseScriptingObjects (0ms)
		CreateAndSetChildDomain (1ms)
	RebuildCommonClasses (31ms)
	RebuildNativeTypeToScriptingClass (9ms)
	initialDomainReloadingComplete (55ms)
	LoadAllAssembliesAndSetupDomain (128ms)
		LoadAssemblies (84ms)
		RebuildTransferFunctionScriptingTraits (0ms)
		AnalyzeDomain (123ms)
			TypeCache.Refresh (122ms)
				TypeCache.ScanAssembly (112ms)
			ScanForSourceGeneratedMonoScriptInfo (0ms)
			ResolveRequiredComponents (0ms)
	FinalizeReload (257ms)
		ReleaseScriptCaches (0ms)
		RebuildScriptCaches (0ms)
		SetupLoadedEditorAssemblies (201ms)
			LogAssemblyErrors (0ms)
			InitializePlatformSupportModulesInManaged (27ms)
			SetLoadedEditorAssemblies (5ms)
			RefreshPlugins (0ms)
			BeforeProcessingInitializeOnLoad (2ms)
			ProcessInitializeOnLoadAttributes (121ms)
			ProcessInitializeOnLoadMethodAttributes (46ms)
			AfterProcessingInitializeOnLoad (0ms)
			EditorAssembliesLoaded (0ms)
		ExecutionOrderSort2 (0ms)
		AwakeInstancesAfterBackupRestoration (0ms)
========================================================================
Worker process is ready to serve import requests
Begin MonoManager ReloadAssembly
Symbol file LoadedFromMemory doesn't match image C:\Users\G00294719\Disk Debugging attempt\Library\PackageCache\com.unity.visualscripting@1.8.0\Editor\VisualScripting.Core\Dependencies\YamlDotNet\Unity.VisualScripting.YamlDotNet.dll
Symbol file LoadedFromMemory doesn't match image C:\Users\G00294719\Disk Debugging attempt\Library\PackageCache\com.unity.visualscripting@1.8.0\Editor\VisualScripting.Core\Dependencies\DotNetZip\Unity.VisualScripting.IonicZip.dll
- Loaded All Assemblies, in  0.667 seconds
Refreshing native plugins compatible for Editor in 2.55 ms, found 3 plugins.
Native extension for UWP target not found
Native extension for WindowsStandalone target not found
Native extension for iOS target not found
Native extension for WebGL target not found
Mono: successfully reloaded assembly
- Finished resetting the current domain, in  0.467 seconds
Domain Reload Profiling: 1132ms
	BeginReloadAssembly (110ms)
		ExecutionOrderSort (0ms)
		DisableScriptedObjects (5ms)
		BackupInstance (0ms)
		ReleaseScriptingObjects (0ms)
		CreateAndSetChildDomain (19ms)
	RebuildCommonClasses (29ms)
	RebuildNativeTypeToScriptingClass (10ms)
	initialDomainReloadingComplete (37ms)
	LoadAllAssembliesAndSetupDomain (479ms)
		LoadAssemblies (272ms)
		RebuildTransferFunctionScriptingTraits (0ms)
		AnalyzeDomain (257ms)
			TypeCache.Refresh (239ms)
				TypeCache.ScanAssembly (229ms)
			ScanForSourceGeneratedMonoScriptInfo (14ms)
			ResolveRequiredComponents (4ms)
	FinalizeReload (467ms)
		ReleaseScriptCaches (0ms)
		RebuildScriptCaches (0ms)
		SetupLoadedEditorAssemblies (336ms)
			LogAssemblyErrors (0ms)
			InitializePlatformSupportModulesInManaged (20ms)
			SetLoadedEditorAssemblies (4ms)
			RefreshPlugins (0ms)
			BeforeProcessingInitializeOnLoad (53ms)
			ProcessInitializeOnLoadAttributes (236ms)
			ProcessInitializeOnLoadMethodAttributes (17ms)
			AfterProcessingInitializeOnLoad (6ms)
			EditorAssembliesLoaded (0ms)
		ExecutionOrderSort2 (0ms)
		AwakeInstancesAfterBackupRestoration (7ms)
Launched and connected shader compiler UnityShaderCompiler.exe after 0.04 seconds
Refreshing native plugins compatible for Editor in 2.62 ms, found 3 plugins.
Preloading 0 native plugins for Editor in 0.00 ms.
Unloading 3447 Unused Serialized files (Serialized files now loaded: 0)
Unloading 36 unused Assets / (107.5 KB). Loaded Objects now: 3913.
Memory consumption went from 131.1 MB to 131.0 MB.
Total: 3.141000 ms (FindLiveObjects: 0.270000 ms CreateObjectMapping: 0.198400 ms MarkObjects: 2.556200 ms  DeleteObjects: 0.115600 ms)

AssetImportParameters requested are different than current active one (requested -> active):
  custom:container-demuxer-ogg: 62fdf1f143b41e24485cea50d1cbac27 -> 
  custom:video-codec-MediaFoundation-h265: 746d11721c4dcdbdad8f713fa42b33f4 -> 
  custom:video-decoder-ogg-theora: a1e56fd34408186e4bbccfd4996cb3dc -> 
  custom:framework-win-MediaFoundation: 216162199b28c13a410421893ffa2e32 -> 
  custom:CustomObjectIndexerAttribute: 756ad292c208cfabdd7b50bc23989ffe -> 
  custom:container-demuxer-webm: 4f35f7cbe854078d1ac9338744f61a02 -> 
  custom:container-muxer-webm: aa71ff27fc2769a1b78a27578f13a17b -> 
  custom:video-decoder-webm-vp8: 9c59270c3fd7afecdb556c50c9e8de78 -> 
  custom:AudioImporter_EditorPlatform: d09bf68614088b80899f8185d706f6e7 -> 
  custom:video-encoder-webm-vp8: eb34c28f22e8b96e1ab97ce403110664 -> 
  custom:audio-decoder-ogg-vorbis: bf7c407c2cedff20999df2af8eb42d56 -> 
  custom:audio-encoder-webm-vorbis: bf7c407c2cedff20999df2af8eb42d56 -> 
========================================================================
Received Import Request.
  Time since last request: 3786.986273 seconds.
  path: Assets/Prefabs/Props/Barrel_01_snaps002.prefab
  artifactKey: Guid(eecb8c66bde2c244b94c10132b7aad0e) Importer(815301076,1909f56bfc062723c751e8b465ee728b)
Start importing Assets/Prefabs/Props/Barrel_01_snaps002.prefab using Guid(eecb8c66bde2c244b94c10132b7aad0e) Importer(815301076,1909f56bfc062723c751e8b465ee728b)  -> (artifact id: '78a2b2b0b5914dea46e0ddcd9da04670') in 0.102764 seconds
Number of updated asset objects reloaded before import = 0
Number of asset objects unloaded after import = 8
========================================================================
Received Import Request.
  Time since last request: 0.000032 seconds.
  path: Assets/Prefabs/Props/Gen_Part_02_snaps002.prefab
  artifactKey: Guid(301707a524aa54d49941d5498618beae) Importer(815301076,1909f56bfc062723c751e8b465ee728b)
Start importing Assets/Prefabs/Props/Gen_Part_02_snaps002.prefab using Guid(301707a524aa54d49941d5498618beae) Importer(815301076,1909f56bfc062723c751e8b465ee728b)  -> (artifact id: 'd3cc9f22fc5f5ace5099f8f2e00519ec') in 0.009738 seconds
Number of updated asset objects reloaded before import = 0
Number of asset objects unloaded after import = 8
========================================================================
Received Import Request.
  Time since last request: 0.000028 seconds.
  path: Assets/Prefabs/Props/LootBox_01_snaps002.prefab
  artifactKey: Guid(bdf3d5615008e324a96f6bce82a4b776) Importer(815301076,1909f56bfc062723c751e8b465ee728b)
Start importing Assets/Prefabs/Props/LootBox_01_snaps002.prefab using Guid(bdf3d5615008e324a96f6bce82a4b776) Importer(815301076,1909f56bfc062723c751e8b465ee728b)  -> (artifact id: 'd1fdc34f7c47749738720ccd662b22bc') in 0.012267 seconds
Number of updated asset objects reloaded before import = 0
Number of asset objects unloaded after import = 8
========================================================================
Received Import Request.
  Time since last request: 2.755941 seconds.
  path: Assets/Prefabs/Structure/Doors_Windows
  artifactKey: Guid(d0743d75cf9cbf846ab5a5112c627a0c) Importer(815301076,1909f56bfc062723c751e8b465ee728b)
Start importing Assets/Prefabs/Structure/Doors_Windows using Guid(d0743d75cf9cbf846ab5a5112c627a0c) Importer(815301076,1909f56bfc062723c751e8b465ee728b)  -> (artifact id: '2586d162bd150ca601064cdb2cd131c8') in 0.000453 seconds
Number of updated asset objects reloaded before import = 0
Number of asset objects unloaded after import = 0
========================================================================
Received Import Request.
  Time since last request: 0.081182 seconds.
  path: Assets/Prefabs/Structure/Doors_Windows/Deck_Door_01_snaps002.prefab
  artifactKey: Guid(d84d9aca57d04ea4d96509c40be8b8b4) Importer(815301076,1909f56bfc062723c751e8b465ee728b)
Start importing Assets/Prefabs/Structure/Doors_Windows/Deck_Door_01_snaps002.prefab using Guid(d84d9aca57d04ea4d96509c40be8b8b4) Importer(815301076,1909f56bfc062723c751e8b465ee728b)  -> (artifact id: '19a6e694cdf72cdf9803d81a59c073c3') in 0.006316 seconds
Number of updated asset objects reloaded before import = 0
Number of asset objects unloaded after import = 8
========================================================================
Received Import Request.
  Time since last request: 0.829482 seconds.
  path: Assets/Prefabs/Structure/Doors_Windows/Meshes
  artifactKey: Guid(ad08826364292f149a6f53e8fb11b4f4) Importer(815301076,1909f56bfc062723c751e8b465ee728b)
Start importing Assets/Prefabs/Structure/Doors_Windows/Meshes using Guid(ad08826364292f149a6f53e8fb11b4f4) Importer(815301076,1909f56bfc062723c751e8b465ee728b)  -> (artifact id: '148db12a2e7fb295037476dbd083e0d0') in 0.000402 seconds
Number of updated asset objects reloaded before import = 0
Number of asset objects unloaded after import = 0
========================================================================
Received Import Request.
  Time since last request: 0.085364 seconds.
  path: Assets/Prefabs/Structure/Doors_Windows/Meshes/Deck_Door_01_snaps002.asset
  artifactKey: Guid(d8af473878243f54d9e4162e8aefaebe) Importer(815301076,1909f56bfc062723c751e8b465ee728b)
Start importing Assets/Prefabs/Structure/Doors_Windows/Meshes/Deck_Door_01_snaps002.asset using Guid(d8af473878243f54d9e4162e8aefaebe) Importer(815301076,1909f56bfc062723c751e8b465ee728b)  -> (artifact id: '1f40a33a77de873c5d80899b591ce56f') in 0.029670 seconds
Number of updated asset objects reloaded before import = 0
Number of asset objects unloaded after import = 2
========================================================================
Received Import Request.
  Time since last request: 1.764809 seconds.
  path: Assets/Prefabs/Structure/Floors_Ceilings/Deck_Ceiling_01_snaps002.prefab
  artifactKey: Guid(dad5ac76e863a834aa3d74b266e53f15) Importer(815301076,1909f56bfc062723c751e8b465ee728b)
Start importing Assets/Prefabs/Structure/Floors_Ceilings/Deck_Ceiling_01_snaps002.prefab using Guid(dad5ac76e863a834aa3d74b266e53f15) Importer(815301076,1909f56bfc062723c751e8b465ee728b)  -> (artifact id: 'd2e0d67e17c5cee9ca0633272cb96400') in 0.006188 seconds
Number of updated asset objects reloaded before import = 0
Number of asset objects unloaded after import = 8
========================================================================
Received Import Request.
  Time since last request: 0.000015 seconds.
  path: Assets/Prefabs/Structure/Floors_Ceilings/Gen_FloorCeiling_01_snaps002.prefab
  artifactKey: Guid(48747a2f9069f384597b1a434690ae2d) Importer(815301076,1909f56bfc062723c751e8b465ee728b)
Start importing Assets/Prefabs/Structure/Floors_Ceilings/Gen_FloorCeiling_01_snaps002.prefab using Guid(48747a2f9069f384597b1a434690ae2d) Importer(815301076,1909f56bfc062723c751e8b465ee728b)  -> (artifact id: '836428b3f5cd2468ab987bb615703c6b') in 0.007311 seconds
Number of updated asset objects reloaded before import = 0
Number of asset objects unloaded after import = 8
========================================================================
Received Import Request.
  Time since last request: 0.000019 seconds.
  path: Assets/Prefabs/Structure/Floors_Ceilings/Quart_Floor_02_snaps002.prefab
  artifactKey: Guid(b87038a107f3a6c46a43a708f8f4e175) Importer(815301076,1909f56bfc062723c751e8b465ee728b)
Start importing Assets/Prefabs/Structure/Floors_Ceilings/Quart_Floor_02_snaps002.prefab using Guid(b87038a107f3a6c46a43a708f8f4e175) Importer(815301076,1909f56bfc062723c751e8b465ee728b)  -> (artifact id: '0676e3b48211ac8aa6408e97faadb369') in 0.006816 seconds
Number of updated asset objects reloaded before import = 0
Number of asset objects unloaded after import = 8
========================================================================
Received Import Request.
  Time since last request: 0.000020 seconds.
  path: Assets/Prefabs/Structure/Floors_Ceilings/Gen_Floor_03_snaps002.prefab
  artifactKey: Guid(c45c41f59dbb9894cb895ef86d325026) Importer(815301076,1909f56bfc062723c751e8b465ee728b)
Start importing Assets/Prefabs/Structure/Floors_Ceilings/Gen_Floor_03_snaps002.prefab using Guid(c45c41f59dbb9894cb895ef86d325026) Importer(815301076,1909f56bfc062723c751e8b465ee728b)  -> (artifact id: 'eb3b1a01016a9da944dd9d0792d7da0e') in 0.007963 seconds
Number of updated asset objects reloaded before import = 0
Number of asset objects unloaded after import = 8
========================================================================
Received Import Request.
  Time since last request: 0.000021 seconds.
  path: Assets/Prefabs/Structure/Floors_Ceilings/Hale_Floor_01_snaps002.prefab
  artifactKey: Guid(98f74ca2aa4d988459ca0b72d44bd59b) Importer(815301076,1909f56bfc062723c751e8b465ee728b)
Start importing Assets/Prefabs/Structure/Floors_Ceilings/Hale_Floor_01_snaps002.prefab using Guid(98f74ca2aa4d988459ca0b72d44bd59b) Importer(815301076,1909f56bfc062723c751e8b465ee728b)  -> (artifact id: '64899f3edb2375f1a263ee4ed941ef7b') in 0.008263 seconds
Number of updated asset objects reloaded before import = 0
Number of asset objects unloaded after import = 8
========================================================================
Received Import Request.
  Time since last request: 0.000019 seconds.
  path: Assets/Prefabs/Structure/Floors_Ceilings/Deck_FloorCeiling_02_snaps002.prefab
  artifactKey: Guid(f0a79492ccfa33543807bc41d1ffe7fa) Importer(815301076,1909f56bfc062723c751e8b465ee728b)
Start importing Assets/Prefabs/Structure/Floors_Ceilings/Deck_FloorCeiling_02_snaps002.prefab using Guid(f0a79492ccfa33543807bc41d1ffe7fa) Importer(815301076,1909f56bfc062723c751e8b465ee728b)  -> (artifact id: '03ef28cf6590186ffc191b4d1606accc') in 0.007008 seconds
Number of updated asset objects reloaded before import = 0
Number of asset objects unloaded after import = 8
========================================================================
Received Import Request.
  Time since last request: 0.688284 seconds.
  path: Assets/Prefabs/Structure/Pillars_Supports/Gale_Pillar_01_snaps002.prefab
  artifactKey: Guid(3ab9a883bb2728d4ea8e56b33bcea8ba) Importer(815301076,1909f56bfc062723c751e8b465ee728b)
Start importing Assets/Prefabs/Structure/Pillars_Supports/Gale_Pillar_01_snaps002.prefab using Guid(3ab9a883bb2728d4ea8e56b33bcea8ba) Importer(815301076,1909f56bfc062723c751e8b465ee728b)  -> (artifact id: 'a2978f6af42dd2890e9a7d2509e477f7') in 0.006614 seconds
Number of updated asset objects reloaded before import = 0
Number of asset objects unloaded after import = 8
========================================================================
Received Import Request.
  Time since last request: 0.000018 seconds.
  path: Assets/Prefabs/Structure/Pillars_Supports/Wall_Support_Big_snaps002.prefab
  artifactKey: Guid(e4d5c0d3d9b21f840a3309933254e833) Importer(815301076,1909f56bfc062723c751e8b465ee728b)
Start importing Assets/Prefabs/Structure/Pillars_Supports/Wall_Support_Big_snaps002.prefab using Guid(e4d5c0d3d9b21f840a3309933254e833) Importer(815301076,1909f56bfc062723c751e8b465ee728b)  -> (artifact id: '59b22f263f5569f202250c7483b52094') in 0.016635 seconds
Number of updated asset objects reloaded before import = 0
Number of asset objects unloaded after import = 8
========================================================================
Received Import Request.
  Time since last request: 0.533960 seconds.
  path: Assets/Prefabs/Structure/Stairs_Ramps/Deck_Stairs_01_snaps002.prefab
  artifactKey: Guid(b1e03a3f59caaff4980bf875be312d2b) Importer(815301076,1909f56bfc062723c751e8b465ee728b)
Start importing Assets/Prefabs/Structure/Stairs_Ramps/Deck_Stairs_01_snaps002.prefab using Guid(b1e03a3f59caaff4980bf875be312d2b) Importer(815301076,1909f56bfc062723c751e8b465ee728b)  -> (artifact id: '072c06541f38b6492bb7ec24b58fec27') in 0.011617 seconds
Number of updated asset objects reloaded before import = 0
Number of asset objects unloaded after import = 8
========================================================================
Received Import Request.
  Time since last request: 0.651434 seconds.
  path: Assets/Prefabs/Structure/Walls/Deck_Wall_Corner_Short_snaps002.prefab
  artifactKey: Guid(3628080bf973ae74a9419fe570653a31) Importer(815301076,1909f56bfc062723c751e8b465ee728b)
Start importing Assets/Prefabs/Structure/Walls/Deck_Wall_Corner_Short_snaps002.prefab using Guid(3628080bf973ae74a9419fe570653a31) Importer(815301076,1909f56bfc062723c751e8b465ee728b)  -> (artifact id: '64b6c5a911a732cc4da99fec52657d55') in 0.006977 seconds
Number of updated asset objects reloaded before import = 0
Number of asset objects unloaded after import = 8
========================================================================
Received Import Request.
  Time since last request: 0.000019 seconds.
  path: Assets/Prefabs/Structure/Walls/Deck_Wall_Top_snaps002.prefab
  artifactKey: Guid(3c346d225f66d0b4b907e41c5b028e94) Importer(815301076,1909f56bfc062723c751e8b465ee728b)
Start importing Assets/Prefabs/Structure/Walls/Deck_Wall_Top_snaps002.prefab using Guid(3c346d225f66d0b4b907e41c5b028e94) Importer(815301076,1909f56bfc062723c751e8b465ee728b)  -> (artifact id: 'cd975e0b11c3c65d6a87f924f6ea5cfa') in 0.007252 seconds
Number of updated asset objects reloaded before import = 0
Number of asset objects unloaded after import = 8
========================================================================
Received Import Request.
  Time since last request: 0.000016 seconds.
  path: Assets/Prefabs/Structure/Walls/Hale_Wall_02_Corner_snaps002.prefab
  artifactKey: Guid(4f6977220c151404d9b6645f08a4a362) Importer(815301076,1909f56bfc062723c751e8b465ee728b)
Start importing Assets/Prefabs/Structure/Walls/Hale_Wall_02_Corner_snaps002.prefab using Guid(4f6977220c151404d9b6645f08a4a362) Importer(815301076,1909f56bfc062723c751e8b465ee728b)  -> (artifact id: '39d6a921754f2cf79c288ac1d09365ac') in 0.015762 seconds
Number of updated asset objects reloaded before import = 0
Number of asset objects unloaded after import = 8
========================================================================
Received Import Request.
  Time since last request: 0.000019 seconds.
  path: Assets/Prefabs/Structure/Walls/Gen_Wall_Corner_snaps002.prefab
  artifactKey: Guid(ab47af6ccd1970547885092ed420cbe2) Importer(815301076,1909f56bfc062723c751e8b465ee728b)
Start importing Assets/Prefabs/Structure/Walls/Gen_Wall_Corner_snaps002.prefab using Guid(ab47af6ccd1970547885092ed420cbe2) Importer(815301076,1909f56bfc062723c751e8b465ee728b)  -> (artifact id: 'c646c445946464fd144094e599f3dcfb') in 0.011594 seconds
Number of updated asset objects reloaded before import = 0
Number of asset objects unloaded after import = 8
========================================================================
Received Import Request.
  Time since last request: 0.000041 seconds.
  path: Assets/Prefabs/Structure/Walls/Quart_Wall_snaps002.prefab
  artifactKey: Guid(2b49cf6b0e2134c4a81f3474c005ca8a) Importer(815301076,1909f56bfc062723c751e8b465ee728b)
Start importing Assets/Prefabs/Structure/Walls/Quart_Wall_snaps002.prefab using Guid(2b49cf6b0e2134c4a81f3474c005ca8a) Importer(815301076,1909f56bfc062723c751e8b465ee728b)  -> (artifact id: 'b017b01331194341452ff9a37e04e97f') in 0.011153 seconds
Number of updated asset objects reloaded before import = 0
Number of asset objects unloaded after import = 8
========================================================================
Received Import Request.
  Time since last request: 0.000016 seconds.
  path: Assets/Prefabs/Structure/Walls/Deck_WallWindow_02_snaps002.prefab
  artifactKey: Guid(2e0883a680249d34b9e7fc1c0b9c8574) Importer(815301076,1909f56bfc062723c751e8b465ee728b)
Start importing Assets/Prefabs/Structure/Walls/Deck_WallWindow_02_snaps002.prefab using Guid(2e0883a680249d34b9e7fc1c0b9c8574) Importer(815301076,1909f56bfc062723c751e8b465ee728b)  -> (artifact id: '3221e91ce2ac0a1ee7574b9670023651') in 0.013871 seconds
Number of updated asset objects reloaded before import = 0
Number of asset objects unloaded after import = 8
========================================================================
Received Import Request.
  Time since last request: 0.809066 seconds.
  path: Assets/Prefabs/Structure/Walls/Meshes
  artifactKey: Guid(0551c635a6806c44d96c3489f7ef627e) Importer(815301076,1909f56bfc062723c751e8b465ee728b)
Start importing Assets/Prefabs/Structure/Walls/Meshes using Guid(0551c635a6806c44d96c3489f7ef627e) Importer(815301076,1909f56bfc062723c751e8b465ee728b)  -> (artifact id: 'e7eb6ac307bc68757ec6c1d31ab758de') in 0.000728 seconds
Number of updated asset objects reloaded before import = 0
Number of asset objects unloaded after import = 0
========================================================================
Received Import Request.
  Time since last request: 0.098816 seconds.
  path: Assets/Prefabs/Structure/Walls/Meshes/Deck_Wall_Corner_Short_snaps002.asset
  artifactKey: Guid(2cbb1587c7f0c774e8f0c9df64ef2b27) Importer(815301076,1909f56bfc062723c751e8b465ee728b)
Start importing Assets/Prefabs/Structure/Walls/Meshes/Deck_Wall_Corner_Short_snaps002.asset using Guid(2cbb1587c7f0c774e8f0c9df64ef2b27) Importer(815301076,1909f56bfc062723c751e8b465ee728b)  -> (artifact id: '7edd063ba19fbabecb31a8ac2cc696a3') in 0.012620 seconds
Number of updated asset objects reloaded before import = 0
Number of asset objects unloaded after import = 2
========================================================================
Received Import Request.
  Time since last request: 0.000085 seconds.
  path: Assets/Prefabs/Structure/Walls/Meshes/Deck_Wall_Top_snaps002.asset
  artifactKey: Guid(8ad62618ad930d546be9f56862dcbb3c) Importer(815301076,1909f56bfc062723c751e8b465ee728b)
Start importing Assets/Prefabs/Structure/Walls/Meshes/Deck_Wall_Top_snaps002.asset using Guid(8ad62618ad930d546be9f56862dcbb3c) Importer(815301076,1909f56bfc062723c751e8b465ee728b)  -> (artifact id: 'cd8e91dfea699637684b1414b9201325') in 0.008429 seconds
Number of updated asset objects reloaded before import = 0
Number of asset objects unloaded after import = 2
========================================================================
Received Import Request.
  Time since last request: 0.000019 seconds.
  path: Assets/Prefabs/Structure/Walls/Meshes/Deck_WallWindowFrame_01_snaps002.asset
  artifactKey: Guid(e72e2b536574b914c887421d4bdce853) Importer(815301076,1909f56bfc062723c751e8b465ee728b)
Start importing Assets/Prefabs/Structure/Walls/Meshes/Deck_WallWindowFrame_01_snaps002.asset using Guid(e72e2b536574b914c887421d4bdce853) Importer(815301076,1909f56bfc062723c751e8b465ee728b)  -> (artifact id: 'c77140fe6919f14a432680d1b8ca5dae') in 0.008990 seconds
Number of updated asset objects reloaded before import = 0
Number of asset objects unloaded after import = 2
========================================================================
Received Import Request.
  Time since last request: 0.000026 seconds.
  path: Assets/Prefabs/Structure/Walls/Meshes/Hale_Wall_01_Corner_snaps002.asset
  artifactKey: Guid(98cb75f592c120a418554681a9667ba6) Importer(815301076,1909f56bfc062723c751e8b465ee728b)
Start importing Assets/Prefabs/Structure/Walls/Meshes/Hale_Wall_01_Corner_snaps002.asset using Guid(98cb75f592c120a418554681a9667ba6) Importer(815301076,1909f56bfc062723c751e8b465ee728b)  -> (artifact id: '9658c5f9264df2c8c2912231ebce5fd5') in 0.007589 seconds
Number of updated asset objects reloaded before import = 0
Number of asset objects unloaded after import = 2
========================================================================
Received Import Request.
  Time since last request: 0.000021 seconds.
  path: Assets/Prefabs/Structure/Walls/Meshes/Quart_Wall_snaps002.asset
  artifactKey: Guid(230d743c9645b694ea0a337a48709ef0) Importer(815301076,1909f56bfc062723c751e8b465ee728b)
Start importing Assets/Prefabs/Structure/Walls/Meshes/Quart_Wall_snaps002.asset using Guid(230d743c9645b694ea0a337a48709ef0) Importer(815301076,1909f56bfc062723c751e8b465ee728b)  -> (artifact id: '98d9c2145f8374ffef37c47bb9746eb4') in 0.026798 seconds
Number of updated asset objects reloaded before import = 0
Number of asset objects unloaded after import = 2
========================================================================
Received Import Request.
  Time since last request: 0.000017 seconds.
  path: Assets/Prefabs/Structure/Walls/Meshes/Gen_Wall_DoorFrame_01_snaps002.asset
  artifactKey: Guid(cd5bd82f6b9e90148a9f3f6065a7d43f) Importer(815301076,1909f56bfc062723c751e8b465ee728b)
Start importing Assets/Prefabs/Structure/Walls/Meshes/Gen_Wall_DoorFrame_01_snaps002.asset using Guid(cd5bd82f6b9e90148a9f3f6065a7d43f) Importer(815301076,1909f56bfc062723c751e8b465ee728b)  -> (artifact id: 'e0564f0d71d3faae1cae44ae177594e5') in 0.038381 seconds
Number of updated asset objects reloaded before import = 0
Number of asset objects unloaded after import = 2
========================================================================
Received Import Request.
  Time since last request: 0.000022 seconds.
  path: Assets/Prefabs/Structure/Walls/Meshes/Hale_Wall_02_snaps002.asset
  artifactKey: Guid(0f0f47a5be1f18a49a1b7279b3bce940) Importer(815301076,1909f56bfc062723c751e8b465ee728b)
Start importing Assets/Prefabs/Structure/Walls/Meshes/Hale_Wall_02_snaps002.asset using Guid(0f0f47a5be1f18a49a1b7279b3bce940) Importer(815301076,1909f56bfc062723c751e8b465ee728b)  -> (artifact id: 'f9637d429bb9cded0499f862691ff3d2') in 0.029352 seconds
Number of updated asset objects reloaded before import = 0
Number of asset objects unloaded after import = 2
========================================================================
Received Import Request.
  Time since last request: 0.000065 seconds.
  path: Assets/Prefabs/Structure/Walls/Meshes/Deck_WallWindowFrame_02_snaps002.asset
  artifactKey: Guid(6073363b43082a54a9afed661130332a) Importer(815301076,1909f56bfc062723c751e8b465ee728b)
Start importing Assets/Prefabs/Structure/Walls/Meshes/Deck_WallWindowFrame_02_snaps002.asset using Guid(6073363b43082a54a9afed661130332a) Importer(815301076,1909f56bfc062723c751e8b465ee728b)  -> (artifact id: '9f68fc2d55e8797949c64813fa9ea6c6') in 0.050607 seconds
Number of updated asset objects reloaded before import = 0
Number of asset objects unloaded after import = 2
========================================================================
Received Import Request.
  Time since last request: 1.633955 seconds.
  path: Assets/Prefabs/Structure/Stairs_Ramps/Meshes
  artifactKey: Guid(61e1a2bd7285d0749a76ea2e50b0259a) Importer(815301076,1909f56bfc062723c751e8b465ee728b)
Start importing Assets/Prefabs/Structure/Stairs_Ramps/Meshes using Guid(61e1a2bd7285d0749a76ea2e50b0259a) Importer(815301076,1909f56bfc062723c751e8b465ee728b)  -> (artifact id: 'ecd751c0b553435821cabe5f0f9e1b1d') in 0.000488 seconds
Number of updated asset objects reloaded before import = 0
Number of asset objects unloaded after import = 0
========================================================================
Received Import Request.
  Time since last request: 0.067250 seconds.
  path: Assets/Prefabs/Structure/Stairs_Ramps/Meshes/Deck_Stairs_01_snaps002.asset
  artifactKey: Guid(901ca126ece8194488f0f3ca8b386fa4) Importer(815301076,1909f56bfc062723c751e8b465ee728b)
Start importing Assets/Prefabs/Structure/Stairs_Ramps/Meshes/Deck_Stairs_01_snaps002.asset using Guid(901ca126ece8194488f0f3ca8b386fa4) Importer(815301076,1909f56bfc062723c751e8b465ee728b)  -> (artifact id: '637acd2d88770cbe8eaf2b3b5381bac5') in 0.006491 seconds
Number of updated asset objects reloaded before import = 0
Number of asset objects unloaded after import = 2
========================================================================
Received Import Request.
  Time since last request: 0.000080 seconds.
  path: Assets/Prefabs/Structure/Stairs_Ramps/Meshes/Quart_Stairs_01_snaps002.asset
  artifactKey: Guid(21443a533ace0884a90e25931b81e14b) Importer(815301076,1909f56bfc062723c751e8b465ee728b)
Start importing Assets/Prefabs/Structure/Stairs_Ramps/Meshes/Quart_Stairs_01_snaps002.asset using Guid(21443a533ace0884a90e25931b81e14b) Importer(815301076,1909f56bfc062723c751e8b465ee728b)  -> (artifact id: '570e867ddea3be9426c252082d951d8c') in 0.006893 seconds
Number of updated asset objects reloaded before import = 0
Number of asset objects unloaded after import = 2
========================================================================
Received Import Request.
  Time since last request: 1.221232 seconds.
  path: Assets/Prefabs/Structure/Pillars_Supports/Meshes
  artifactKey: Guid(d39429f6ef7aaf0459763c92e938edf2) Importer(815301076,1909f56bfc062723c751e8b465ee728b)
Start importing Assets/Prefabs/Structure/Pillars_Supports/Meshes using Guid(d39429f6ef7aaf0459763c92e938edf2) Importer(815301076,1909f56bfc062723c751e8b465ee728b)  -> (artifact id: '15182d3c142c5f302afa687c347052ce') in 0.000439 seconds
Number of updated asset objects reloaded before import = 0
Number of asset objects unloaded after import = 0
========================================================================
Received Import Request.
  Time since last request: 0.077186 seconds.
  path: Assets/Prefabs/Structure/Pillars_Supports/Meshes/Gale_Pillar_01_snaps002.asset
  artifactKey: Guid(05c87507d6ecb874dbf4c2f3ae2a70e4) Importer(815301076,1909f56bfc062723c751e8b465ee728b)
Start importing Assets/Prefabs/Structure/Pillars_Supports/Meshes/Gale_Pillar_01_snaps002.asset using Guid(05c87507d6ecb874dbf4c2f3ae2a70e4) Importer(815301076,1909f56bfc062723c751e8b465ee728b)  -> (artifact id: '4b4eefe34ab8f1f3e8528811d0571a24') in 0.016886 seconds
Number of updated asset objects reloaded before import = 0
Number of asset objects unloaded after import = 2
========================================================================
Received Import Request.
  Time since last request: 0.000032 seconds.
  path: Assets/Prefabs/Structure/Pillars_Supports/Meshes/VerticalStrat_01_snaps002.asset
  artifactKey: Guid(04bc315d220d70647b3c3593fe40d153) Importer(815301076,1909f56bfc062723c751e8b465ee728b)
Start importing Assets/Prefabs/Structure/Pillars_Supports/Meshes/VerticalStrat_01_snaps002.asset using Guid(04bc315d220d70647b3c3593fe40d153) Importer(815301076,1909f56bfc062723c751e8b465ee728b)  -> (artifact id: '79cd5bd39b7a0ed23bcd57f9525b5556') in 0.015169 seconds
Number of updated asset objects reloaded before import = 0
Number of asset objects unloaded after import = 2
========================================================================
Received Import Request.
  Time since last request: 0.000034 seconds.
  path: Assets/Prefabs/Structure/Pillars_Supports/Meshes/VerticalStrat_01_Connector_snaps002.asset
  artifactKey: Guid(115ae6b18b16a134ca4ac2d42e7d5581) Importer(815301076,1909f56bfc062723c751e8b465ee728b)
Start importing Assets/Prefabs/Structure/Pillars_Supports/Meshes/VerticalStrat_01_Connector_snaps002.asset using Guid(115ae6b18b16a134ca4ac2d42e7d5581) Importer(815301076,1909f56bfc062723c751e8b465ee728b)  -> (artifact id: 'd21dccf9992ba153152031ab0805ca7a') in 0.012654 seconds
Number of updated asset objects reloaded before import = 0
Number of asset objects unloaded after import = 2
========================================================================
Received Import Request.
  Time since last request: 1.641349 seconds.
  path: Assets/Prefabs/Structure/Floors_Ceilings/Meshes
  artifactKey: Guid(dcfccf88ee27f35419e1c43050ad4505) Importer(815301076,1909f56bfc062723c751e8b465ee728b)
Start importing Assets/Prefabs/Structure/Floors_Ceilings/Meshes using Guid(dcfccf88ee27f35419e1c43050ad4505) Importer(815301076,1909f56bfc062723c751e8b465ee728b)  -> (artifact id: '9e95542d0386381fe784ce3d027647ae') in 0.000477 seconds
Number of updated asset objects reloaded before import = 0
Number of asset objects unloaded after import = 0
========================================================================
Received Import Request.
  Time since last request: 0.084967 seconds.
  path: Assets/Prefabs/Structure/Floors_Ceilings/Meshes/Deck_Ceiling_01_snaps002.asset
  artifactKey: Guid(dd0eddeb229771a4a9f0ceb2eaac5421) Importer(815301076,1909f56bfc062723c751e8b465ee728b)
Start importing Assets/Prefabs/Structure/Floors_Ceilings/Meshes/Deck_Ceiling_01_snaps002.asset using Guid(dd0eddeb229771a4a9f0ceb2eaac5421) Importer(815301076,1909f56bfc062723c751e8b465ee728b)  -> (artifact id: '04903ab6b6a53447b5e3af14c0851719') in 0.008349 seconds
Number of updated asset objects reloaded before import = 0
Number of asset objects unloaded after import = 2
========================================================================
Received Import Request.
  Time since last request: 0.000014 seconds.
  path: Assets/Prefabs/Structure/Floors_Ceilings/Meshes/Deck_FloorCeiling_02_snaps002.asset
  artifactKey: Guid(e3e1d9963f40a10439cfd030868cb4ae) Importer(815301076,1909f56bfc062723c751e8b465ee728b)
Start importing Assets/Prefabs/Structure/Floors_Ceilings/Meshes/Deck_FloorCeiling_02_snaps002.asset using Guid(e3e1d9963f40a10439cfd030868cb4ae) Importer(815301076,1909f56bfc062723c751e8b465ee728b)  -> (artifact id: '60c995e2e6628842b3886d0b5de6c3a4') in 0.007010 seconds
Number of updated asset objects reloaded before import = 0
Number of asset objects unloaded after import = 2
========================================================================
Received Import Request.
  Time since last request: 0.000097 seconds.
  path: Assets/Prefabs/Structure/Floors_Ceilings/Meshes/Quart_Ceiling_03_snaps002.asset
  artifactKey: Guid(10465071d2149ef489a65019a566a1a0) Importer(815301076,1909f56bfc062723c751e8b465ee728b)
Start importing Assets/Prefabs/Structure/Floors_Ceilings/Meshes/Quart_Ceiling_03_snaps002.asset using Guid(10465071d2149ef489a65019a566a1a0) Importer(815301076,1909f56bfc062723c751e8b465ee728b)  -> (artifact id: 'd5624fc755a02293f40049f7f09b792a') in 0.008945 seconds
Number of updated asset objects reloaded before import = 0
Number of asset objects unloaded after import = 2
========================================================================
Received Import Request.
  Time since last request: 0.000020 seconds.
  path: Assets/Prefabs/Structure/Floors_Ceilings/Meshes/Deck_FloorCeiling_02_snaps003.asset
  artifactKey: Guid(7045706ada230c04ebce293026f209e7) Importer(815301076,1909f56bfc062723c751e8b465ee728b)
Start importing Assets/Prefabs/Structure/Floors_Ceilings/Meshes/Deck_FloorCeiling_02_snaps003.asset using Guid(7045706ada230c04ebce293026f209e7) Importer(815301076,1909f56bfc062723c751e8b465ee728b)  -> (artifact id: '20d0ea1eb814cc07f224becdfcdf303b') in 0.008670 seconds
Number of updated asset objects reloaded before import = 0
Number of asset objects unloaded after import = 2
========================================================================
Received Import Request.
  Time since last request: 0.000019 seconds.
  path: Assets/Prefabs/Structure/Floors_Ceilings/Meshes/Gen_Floor_01_snaps002.asset
  artifactKey: Guid(6dcda1e07f9da584bbba1a0870b33d14) Importer(815301076,1909f56bfc062723c751e8b465ee728b)
Start importing Assets/Prefabs/Structure/Floors_Ceilings/Meshes/Gen_Floor_01_snaps002.asset using Guid(6dcda1e07f9da584bbba1a0870b33d14) Importer(815301076,1909f56bfc062723c751e8b465ee728b)  -> (artifact id: '58bb0a712dd0ad619d71861b26f03ce4') in 0.007829 seconds
Number of updated asset objects reloaded before import = 0
Number of asset objects unloaded after import = 2
========================================================================
Received Import Request.
  Time since last request: 0.000024 seconds.
  path: Assets/Prefabs/Structure/Floors_Ceilings/Meshes/Gen_Floor_03_snaps002.asset
  artifactKey: Guid(0a4612e66a5036042aff416d5aef295c) Importer(815301076,1909f56bfc062723c751e8b465ee728b)
Start importing Assets/Prefabs/Structure/Floors_Ceilings/Meshes/Gen_Floor_03_snaps002.asset using Guid(0a4612e66a5036042aff416d5aef295c) Importer(815301076,1909f56bfc062723c751e8b465ee728b)  -> (artifact id: '9c1070a4910bc183ff621081515b327f') in 0.006952 seconds
Number of updated asset objects reloaded before import = 0
Number of asset objects unloaded after import = 2
Editor requested this worker to shutdown with reason: Scaling down because of idle timeout
TcpMessagingSession - receive error: operation aborted. errorcode: 995, details: The I/O operation has been aborted because of either a thread exit or an application request.
AssetImportWorker is now disconnected from the server
Process exiting
Exiting without the bug reporter. Application will terminate with return code 0